<?xml version="1.0" encoding="UTF-8"?>
<!-- Generated by org.testng.reporters.JUnitXMLReporter -->
<testsuite hostname="Augustus-PC" ignored="2" name="basic" tests="2" failures="0" timestamp="22 May 2017 12:24:09 GMT" time="31.427" errors="0">
  <testcase name="verifyContactProductSupport" time="13.687" classname="test.java.ContactTests.ContactCustomerSupport"/>
  <testcase name="verifyWonderwareContactDetails" time="1.227" classname="test.java.ContactTests.ContactCustomerSupport"/>
  <testcase name="@BeforeSuite getBrowser" time="0.0" classname="test.java.Basic.SuiteBaseTemplate">
    <ignored/>
  </testcase> <!-- @BeforeSuite getBrowser -->
  <testcase name="testLinksAvailableOnPage" time="0.0" classname="test.java.ContactTests.ContactCustomerSupport">
    <ignored/>
  </testcase> <!-- testLinksAvailableOnPage -->
</testsuite> <!-- basic -->
