<?xml version="1.0" encoding="UTF-8"?>
<!-- Generated by org.testng.reporters.JUnitXMLReporter -->
<testsuite hostname="Augustus-PC" ignored="1" name="basic" tests="2" failures="0" timestamp="19 May 2017 03:48:15 GMT" time="42.221" errors="0">
  <testcase name="verifyContactPageTitle" time="0.029" classname="test.java.ContactTests.ContactPageTests"/>
  <testcase name="TestContactSalesPage" time="15.428" classname="test.java.ContactTests.ContactPageTests"/>
  <testcase name="@BeforeSuite getBrowser" time="0.0" classname="test.java.Basic.SuiteBaseTemplate">
    <ignored/>
  </testcase> <!-- @BeforeSuite getBrowser -->
</testsuite> <!-- basic -->
