<?xml version="1.0" encoding="UTF-8"?>
<testng-results skipped="0" failed="0" ignored="1" total="3" passed="2">
  <reporter-output>
  </reporter-output>
  <suite name="Basic Tests" duration-ms="38037" started-at="2017-05-19T05:32:26Z" finished-at="2017-05-19T05:33:04Z">
    <groups>
      <group name="ContactUs-Tests">
        <method signature="ContactPageTests.verifyContactPageTitle()[pri:1, instance:test.java.ContactTests.ContactPageTests@1975490]" name="verifyContactPageTitle" class="test.java.ContactTests.ContactPageTests"/>
        <method signature="ContactPageTests.TestContactSalesPage()[pri:2, instance:test.java.ContactTests.ContactPageTests@1975490]" name="TestContactSalesPage" class="test.java.ContactTests.ContactPageTests"/>
      </group> <!-- ContactUs-Tests -->
    </groups>
    <test name="basic" duration-ms="38037" started-at="2017-05-19T05:32:26Z" finished-at="2017-05-19T05:33:04Z">
      <class name="test.java.ContactTests.ContactPageTests">
        <test-method status="PASS" signature="init()[pri:0, instance:test.java.ContactTests.ContactPageTests@1975490]" name="init" is-config="true" duration-ms="19141" started-at="2017-05-19T11:02:26Z" finished-at="2017-05-19T11:02:45Z">
          <reporter-output>
          </reporter-output>
        </test-method> <!-- init -->
        <test-method status="PASS" signature="verifyContactPageTitle()[pri:1, instance:test.java.ContactTests.ContactPageTests@1975490]" name="verifyContactPageTitle" duration-ms="32" started-at="2017-05-19T11:02:45Z" finished-at="2017-05-19T11:02:46Z">
          <reporter-output>
          </reporter-output>
        </test-method> <!-- verifyContactPageTitle -->
        <test-method status="PASS" signature="TestContactSalesPage()[pri:2, instance:test.java.ContactTests.ContactPageTests@1975490]" name="TestContactSalesPage" duration-ms="18841" started-at="2017-05-19T11:02:46Z" depends-on-methods="test.java.ContactTests.ContactPageTests.verifyContactPageTitle" finished-at="2017-05-19T11:03:04Z">
          <reporter-output>
          </reporter-output>
        </test-method> <!-- TestContactSalesPage -->
      </class> <!-- test.java.ContactTests.ContactPageTests -->
      <class name="test.java.Basic.SuiteBaseTemplate">
        <test-method status="PASS" signature="getBrowser(java.lang.String)[pri:0, instance:test.java.Basic.SuiteBaseTemplate@7f6473]" name="getBrowser" is-config="true" duration-ms="5198" started-at="2017-05-19T11:02:21Z" finished-at="2017-05-19T11:02:26Z">
          <params>
            <param index="0">
              <value>
                <![CDATA[chrome]]>
              </value>
            </param>
          </params>
          <reporter-output>
          </reporter-output>
        </test-method> <!-- getBrowser -->
      </class> <!-- test.java.Basic.SuiteBaseTemplate -->
    </test> <!-- basic -->
  </suite> <!-- Basic Tests -->
</testng-results>
