<?xml version="1.0" encoding="UTF-8"?>
<!-- Generated by org.testng.reporters.JUnitXMLReporter -->
<testsuite hostname="Augustus-PC" ignored="1" name="basic" tests="2" failures="0" timestamp="20 May 2017 10:44:16 GMT" time="29.901" errors="0">
  <testcase name="verifyContactPageTitle" time="0.021" classname="test.java.ContactTests.ContactPageTests"/>
  <testcase name="TestContactSalesPage" time="12.361" classname="test.java.ContactTests.ContactPageTests"/>
  <testcase name="@BeforeSuite getBrowser" time="0.0" classname="test.java.Basic.SuiteBaseTemplate">
    <ignored/>
  </testcase> <!-- @BeforeSuite getBrowser -->
</testsuite> <!-- basic -->
